0 info it worked if it ends with ok
1 verbose cli [ '/usr/bin/node',
1 verbose cli   '/usr/bin/npm',
1 verbose cli   'install',
1 verbose cli   '@material-ui/icons' ]
2 info using npm@3.5.2
3 info using node@v8.10.0
4 silly loadCurrentTree Starting
5 silly install loadCurrentTree
6 silly install readLocalPackageData
7 silly fetchPackageMetaData @material-ui/icons
8 silly fetchNamedPackageData @material-ui/icons
9 silly mapToRegistry name @material-ui/icons
10 silly mapToRegistry scope (from package name) @material-ui
11 verbose mapToRegistry no registry URL found in name for scope @material-ui
12 silly mapToRegistry using default registry
13 silly mapToRegistry registry https://registry.npmjs.org/
14 silly mapToRegistry uri https://registry.npmjs.org/@material-ui%2ficons
15 verbose request uri https://registry.npmjs.org/@material-ui%2ficons
16 verbose request no auth needed
17 info attempt registry request try #1 at 17:44:02
18 verbose request id baaa2e6eff04da3d
19 http request GET https://registry.npmjs.org/@material-ui%2ficons
20 http 200 https://registry.npmjs.org/@material-ui%2ficons
21 verbose headers { date: 'Tue, 29 Dec 2020 17:44:02 GMT',
21 verbose headers   'content-type': 'application/json',
21 verbose headers   'transfer-encoding': 'chunked',
21 verbose headers   connection: 'keep-alive',
21 verbose headers   'set-cookie':
21 verbose headers    [ '__cfduid=dbcb4fbdb4872da5a46bf986b5e0791821609263842; expires=Thu, 28-Jan-21 17:44:02 GMT; path=/; domain=.npmjs.org; HttpOnly; SameSite=Lax' ],
21 verbose headers   'cf-ray': '609553a58aea06ae-LHR',
21 verbose headers   age: '2027',
21 verbose headers   'cache-control': 'public, max-age=300',
21 verbose headers   etag: 'W/"ed28ab9b69d5b345029a213b33285152"',
21 verbose headers   'last-modified': 'Mon, 21 Dec 2020 17:45:31 GMT',
21 verbose headers   vary: 'accept-encoding, accept',
21 verbose headers   'cf-cache-status': 'HIT',
21 verbose headers   'cf-request-id': '0751329b73000006ae9ba46000000001',
21 verbose headers   'expect-ct': 'max-age=604800, report-uri="https://report-uri.cloudflare.com/cdn-cgi/beacon/expect-ct"',
21 verbose headers   server: 'cloudflare',
21 verbose headers   'content-encoding': 'gzip' }
22 silly get cb [ 200,
22 silly get   { date: 'Tue, 29 Dec 2020 17:44:02 GMT',
22 silly get     'content-type': 'application/json',
22 silly get     'transfer-encoding': 'chunked',
22 silly get     connection: 'keep-alive',
22 silly get     'set-cookie':
22 silly get      [ '__cfduid=dbcb4fbdb4872da5a46bf986b5e0791821609263842; expires=Thu, 28-Jan-21 17:44:02 GMT; path=/; domain=.npmjs.org; HttpOnly; SameSite=Lax' ],
22 silly get     'cf-ray': '609553a58aea06ae-LHR',
22 silly get     age: '2027',
22 silly get     'cache-control': 'public, max-age=300',
22 silly get     etag: 'W/"ed28ab9b69d5b345029a213b33285152"',
22 silly get     'last-modified': 'Mon, 21 Dec 2020 17:45:31 GMT',
22 silly get     vary: 'accept-encoding, accept',
22 silly get     'cf-cache-status': 'HIT',
22 silly get     'cf-request-id': '0751329b73000006ae9ba46000000001',
22 silly get     'expect-ct': 'max-age=604800, report-uri="https://report-uri.cloudflare.com/cdn-cgi/beacon/expect-ct"',
22 silly get     server: 'cloudflare',
22 silly get     'content-encoding': 'gzip' } ]
23 verbose get saving @material-ui/icons to /home/ahmed/.npm/registry.npmjs.org/_40material-ui_252ficons/.cache.json
24 silly install normalizeTree
25 silly loadCurrentTree Finishing
26 silly loadIdealTree Starting
27 silly install loadIdealTree
28 silly cloneCurrentTree Starting
29 silly install cloneCurrentTreeToIdealTree
30 silly cloneCurrentTree Finishing
31 silly loadShrinkwrap Starting
32 silly install loadShrinkwrap
33 silly loadShrinkwrap Finishing
34 silly loadAllDepsIntoIdealTree Starting
35 silly install loadAllDepsIntoIdealTree
36 silly resolveWithNewModule @material-ui/icons@4.11.2 checking installable status
37 silly cache add args [ '@material-ui/icons', null ]
38 verbose cache add spec @material-ui/icons
39 silly cache add parsed spec Result {
39 silly cache add   raw: '@material-ui/icons',
39 silly cache add   scope: '@material-ui',
39 silly cache add   name: '@material-ui/icons',
39 silly cache add   rawSpec: '',
39 silly cache add   spec: 'latest',
39 silly cache add   type: 'tag' }
40 silly addNamed @material-ui/icons@latest
41 verbose addNamed "latest" is being treated as a dist-tag for @material-ui/icons
42 info addNameTag [ '@material-ui/icons', 'latest' ]
43 silly mapToRegistry name @material-ui/icons
44 silly mapToRegistry scope (from package name) @material-ui
45 verbose mapToRegistry no registry URL found in name for scope @material-ui
46 silly mapToRegistry using default registry
47 silly mapToRegistry registry https://registry.npmjs.org/
48 silly mapToRegistry uri https://registry.npmjs.org/@material-ui%2ficons
49 verbose addNameTag registry:https://registry.npmjs.org/@material-ui%2ficons not in flight; fetching
50 verbose get https://registry.npmjs.org/@material-ui%2ficons not expired, no request
51 silly addNameTag next cb for @material-ui/icons with tag latest
52 silly addNamed @material-ui/icons@4.11.2
53 verbose addNamed "4.11.2" is a plain semver version for @material-ui/icons
54 silly mapToRegistry name @material-ui/icons
55 silly mapToRegistry scope (from package name) @material-ui
56 verbose mapToRegistry no registry URL found in name for scope @material-ui
57 silly mapToRegistry using default registry
58 silly mapToRegistry registry https://registry.npmjs.org/
59 silly mapToRegistry uri https://registry.npmjs.org/@material-ui%2ficons
60 verbose addRemoteTarball https://registry.npmjs.org/@material-ui/icons/-/icons-4.11.2.tgz not in flight; adding
61 verbose addRemoteTarball [ 'https://registry.npmjs.org/@material-ui/icons/-/icons-4.11.2.tgz',
61 verbose addRemoteTarball   'b3a7353266519cd743b6461ae9fdfcb1b25eb4c5' ]
62 info retry fetch attempt 1 at 17:44:02
63 info attempt registry request try #1 at 17:44:02
64 http fetch GET https://registry.npmjs.org/@material-ui/icons/-/icons-4.11.2.tgz
65 http fetch 200 https://registry.npmjs.org/@material-ui/icons/-/icons-4.11.2.tgz
66 silly fetchAndShaCheck shasum b3a7353266519cd743b6461ae9fdfcb1b25eb4c5
67 verbose addTmpTarball /tmp/npm-9539-58f802c7/registry.npmjs.org/_40material-ui/icons/-/icons-4.11.2.tgz not in flight; adding
68 verbose addTmpTarball already have metadata; skipping unpack for @material-ui/icons@4.11.2
69 silly cache afterAdd @material-ui/icons@4.11.2
70 verbose afterAdd /home/ahmed/.npm/@material-ui/icons/4.11.2/package/package.json not in flight; writing
71 verbose afterAdd /home/ahmed/.npm/@material-ui/icons/4.11.2/package/package.json written
72 silly loadAllDepsIntoIdealTree Finishing
73 silly idealTree:prePrune frontend@1.0.0
73 silly idealTree:prePrune ├── @babel/code-frame@7.12.11
73 silly idealTree:prePrune ├── @babel/compat-data@7.12.7
73 silly idealTree:prePrune ├─┬ @babel/core@7.12.10
73 silly idealTree:prePrune │ └── source-map@0.5.7
73 silly idealTree:prePrune ├─┬ @babel/generator@7.12.11
73 silly idealTree:prePrune │ └── source-map@0.5.7
73 silly idealTree:prePrune ├── @babel/helper-annotate-as-pure@7.12.10
73 silly idealTree:prePrune ├── @babel/helper-builder-binary-assignment-operator-visitor@7.10.4
73 silly idealTree:prePrune ├── @babel/helper-compilation-targets@7.12.5
73 silly idealTree:prePrune ├── @babel/helper-create-class-features-plugin@7.12.1
73 silly idealTree:prePrune ├── @babel/helper-create-regexp-features-plugin@7.12.7
73 silly idealTree:prePrune ├── @babel/helper-define-map@7.10.5
73 silly idealTree:prePrune ├── @babel/helper-explode-assignable-expression@7.12.1
73 silly idealTree:prePrune ├── @babel/helper-function-name@7.12.11
73 silly idealTree:prePrune ├── @babel/helper-get-function-arity@7.12.10
73 silly idealTree:prePrune ├── @babel/helper-hoist-variables@7.10.4
73 silly idealTree:prePrune ├── @babel/helper-member-expression-to-functions@7.12.7
73 silly idealTree:prePrune ├── @babel/helper-module-imports@7.12.5
73 silly idealTree:prePrune ├── @babel/helper-module-transforms@7.12.1
73 silly idealTree:prePrune ├── @babel/helper-optimise-call-expression@7.12.10
73 silly idealTree:prePrune ├── @babel/helper-plugin-utils@7.10.4
73 silly idealTree:prePrune ├── @babel/helper-remap-async-to-generator@7.12.1
73 silly idealTree:prePrune ├── @babel/helper-replace-supers@7.12.11
73 silly idealTree:prePrune ├── @babel/helper-simple-access@7.12.1
73 silly idealTree:prePrune ├── @babel/helper-skip-transparent-expression-wrappers@7.12.1
73 silly idealTree:prePrune ├── @babel/helper-split-export-declaration@7.12.11
73 silly idealTree:prePrune ├── @babel/helper-validator-identifier@7.12.11
73 silly idealTree:prePrune ├── @babel/helper-validator-option@7.12.11
73 silly idealTree:prePrune ├── @babel/helper-wrap-function@7.12.3
73 silly idealTree:prePrune ├── @babel/helpers@7.12.5
73 silly idealTree:prePrune ├── @babel/highlight@7.10.4
73 silly idealTree:prePrune ├── @babel/parser@7.12.11
73 silly idealTree:prePrune ├── @babel/plugin-proposal-async-generator-functions@7.12.12
73 silly idealTree:prePrune ├── @babel/plugin-proposal-class-properties@7.12.1
73 silly idealTree:prePrune ├── @babel/plugin-proposal-dynamic-import@7.12.1
73 silly idealTree:prePrune ├── @babel/plugin-proposal-export-namespace-from@7.12.1
73 silly idealTree:prePrune ├── @babel/plugin-proposal-json-strings@7.12.1
73 silly idealTree:prePrune ├── @babel/plugin-proposal-logical-assignment-operators@7.12.1
73 silly idealTree:prePrune ├── @babel/plugin-proposal-nullish-coalescing-operator@7.12.1
73 silly idealTree:prePrune ├── @babel/plugin-proposal-numeric-separator@7.12.7
73 silly idealTree:prePrune ├── @babel/plugin-proposal-object-rest-spread@7.12.1
73 silly idealTree:prePrune ├── @babel/plugin-proposal-optional-catch-binding@7.12.1
73 silly idealTree:prePrune ├── @babel/plugin-proposal-optional-chaining@7.12.7
73 silly idealTree:prePrune ├── @babel/plugin-proposal-private-methods@7.12.1
73 silly idealTree:prePrune ├── @babel/plugin-proposal-unicode-property-regex@7.12.1
73 silly idealTree:prePrune ├── @babel/plugin-syntax-async-generators@7.8.4
73 silly idealTree:prePrune ├── @babel/plugin-syntax-class-properties@7.12.1
73 silly idealTree:prePrune ├── @babel/plugin-syntax-dynamic-import@7.8.3
73 silly idealTree:prePrune ├── @babel/plugin-syntax-export-namespace-from@7.8.3
73 silly idealTree:prePrune ├── @babel/plugin-syntax-json-strings@7.8.3
73 silly idealTree:prePrune ├── @babel/plugin-syntax-jsx@7.12.1
73 silly idealTree:prePrune ├── @babel/plugin-syntax-logical-assignment-operators@7.10.4
73 silly idealTree:prePrune ├── @babel/plugin-syntax-nullish-coalescing-operator@7.8.3
73 silly idealTree:prePrune ├── @babel/plugin-syntax-numeric-separator@7.10.4
73 silly idealTree:prePrune ├── @babel/plugin-syntax-object-rest-spread@7.8.3
73 silly idealTree:prePrune ├── @babel/plugin-syntax-optional-catch-binding@7.8.3
73 silly idealTree:prePrune ├── @babel/plugin-syntax-optional-chaining@7.8.3
73 silly idealTree:prePrune ├── @babel/plugin-syntax-top-level-await@7.12.1
73 silly idealTree:prePrune ├── @babel/plugin-transform-arrow-functions@7.12.1
73 silly idealTree:prePrune ├── @babel/plugin-transform-async-to-generator@7.12.1
73 silly idealTree:prePrune ├── @babel/plugin-transform-block-scoped-functions@7.12.1
73 silly idealTree:prePrune ├── @babel/plugin-transform-block-scoping@7.12.12
73 silly idealTree:prePrune ├── @babel/plugin-transform-classes@7.12.1
73 silly idealTree:prePrune ├── @babel/plugin-transform-computed-properties@7.12.1
73 silly idealTree:prePrune ├── @babel/plugin-transform-destructuring@7.12.1
73 silly idealTree:prePrune ├── @babel/plugin-transform-dotall-regex@7.12.1
73 silly idealTree:prePrune ├── @babel/plugin-transform-duplicate-keys@7.12.1
73 silly idealTree:prePrune ├── @babel/plugin-transform-exponentiation-operator@7.12.1
73 silly idealTree:prePrune ├── @babel/plugin-transform-for-of@7.12.1
73 silly idealTree:prePrune ├── @babel/plugin-transform-function-name@7.12.1
73 silly idealTree:prePrune ├── @babel/plugin-transform-literals@7.12.1
73 silly idealTree:prePrune ├── @babel/plugin-transform-member-expression-literals@7.12.1
73 silly idealTree:prePrune ├── @babel/plugin-transform-modules-amd@7.12.1
73 silly idealTree:prePrune ├── @babel/plugin-transform-modules-commonjs@7.12.1
73 silly idealTree:prePrune ├── @babel/plugin-transform-modules-systemjs@7.12.1
73 silly idealTree:prePrune ├── @babel/plugin-transform-modules-umd@7.12.1
73 silly idealTree:prePrune ├── @babel/plugin-transform-named-capturing-groups-regex@7.12.1
73 silly idealTree:prePrune ├── @babel/plugin-transform-new-target@7.12.1
73 silly idealTree:prePrune ├── @babel/plugin-transform-object-super@7.12.1
73 silly idealTree:prePrune ├── @babel/plugin-transform-parameters@7.12.1
73 silly idealTree:prePrune ├── @babel/plugin-transform-property-literals@7.12.1
73 silly idealTree:prePrune ├── @babel/plugin-transform-react-display-name@7.12.1
73 silly idealTree:prePrune ├── @babel/plugin-transform-react-jsx-development@7.12.12
73 silly idealTree:prePrune ├── @babel/plugin-transform-react-jsx@7.12.12
73 silly idealTree:prePrune ├── @babel/plugin-transform-react-pure-annotations@7.12.1
73 silly idealTree:prePrune ├── @babel/plugin-transform-regenerator@7.12.1
73 silly idealTree:prePrune ├── @babel/plugin-transform-reserved-words@7.12.1
73 silly idealTree:prePrune ├── @babel/plugin-transform-shorthand-properties@7.12.1
73 silly idealTree:prePrune ├── @babel/plugin-transform-spread@7.12.1
73 silly idealTree:prePrune ├── @babel/plugin-transform-sticky-regex@7.12.7
73 silly idealTree:prePrune ├── @babel/plugin-transform-template-literals@7.12.1
73 silly idealTree:prePrune ├── @babel/plugin-transform-typeof-symbol@7.12.10
73 silly idealTree:prePrune ├── @babel/plugin-transform-unicode-escapes@7.12.1
73 silly idealTree:prePrune ├── @babel/plugin-transform-unicode-regex@7.12.1
73 silly idealTree:prePrune ├── @babel/preset-env@7.12.11
73 silly idealTree:prePrune ├── @babel/preset-modules@0.1.4
73 silly idealTree:prePrune ├── @babel/preset-react@7.12.10
73 silly idealTree:prePrune ├── @babel/runtime@7.12.5
73 silly idealTree:prePrune ├── @babel/template@7.12.7
73 silly idealTree:prePrune ├── @babel/traverse@7.12.12
73 silly idealTree:prePrune ├── @babel/types@7.12.12
73 silly idealTree:prePrune ├── @discoveryjs/json-ext@0.5.2
73 silly idealTree:prePrune ├── @emotion/hash@0.8.0
73 silly idealTree:prePrune ├── @material-ui/core@4.11.2
73 silly idealTree:prePrune ├── @material-ui/icons@4.11.2
73 silly idealTree:prePrune ├── @material-ui/styles@4.11.2
73 silly idealTree:prePrune ├── @material-ui/system@4.11.2
73 silly idealTree:prePrune ├── @material-ui/types@5.1.0
73 silly idealTree:prePrune ├── @material-ui/utils@4.11.2
73 silly idealTree:prePrune ├── @types/eslint-scope@3.7.0
73 silly idealTree:prePrune ├── @types/eslint@7.2.6
73 silly idealTree:prePrune ├── @types/estree@0.0.45
73 silly idealTree:prePrune ├── @types/json-schema@7.0.6
73 silly idealTree:prePrune ├── @types/node@14.14.16
73 silly idealTree:prePrune ├── @types/prop-types@15.7.3
73 silly idealTree:prePrune ├── @types/react-transition-group@4.4.0
73 silly idealTree:prePrune ├─┬ @types/react@17.0.0
73 silly idealTree:prePrune │ └── csstype@3.0.5
73 silly idealTree:prePrune ├── @webassemblyjs/ast@1.9.1
73 silly idealTree:prePrune ├── @webassemblyjs/floating-point-hex-parser@1.9.1
73 silly idealTree:prePrune ├── @webassemblyjs/helper-api-error@1.9.1
73 silly idealTree:prePrune ├── @webassemblyjs/helper-buffer@1.9.1
73 silly idealTree:prePrune ├── @webassemblyjs/helper-code-frame@1.9.1
73 silly idealTree:prePrune ├── @webassemblyjs/helper-fsm@1.9.1
73 silly idealTree:prePrune ├── @webassemblyjs/helper-module-context@1.9.1
73 silly idealTree:prePrune ├── @webassemblyjs/helper-wasm-bytecode@1.9.1
73 silly idealTree:prePrune ├── @webassemblyjs/helper-wasm-section@1.9.1
73 silly idealTree:prePrune ├── @webassemblyjs/ieee754@1.9.1
73 silly idealTree:prePrune ├── @webassemblyjs/leb128@1.9.1
73 silly idealTree:prePrune ├── @webassemblyjs/utf8@1.9.1
73 silly idealTree:prePrune ├── @webassemblyjs/wasm-edit@1.9.1
73 silly idealTree:prePrune ├── @webassemblyjs/wasm-gen@1.9.1
73 silly idealTree:prePrune ├── @webassemblyjs/wasm-opt@1.9.1
73 silly idealTree:prePrune ├── @webassemblyjs/wasm-parser@1.9.1
73 silly idealTree:prePrune ├── @webassemblyjs/wast-parser@1.9.1
73 silly idealTree:prePrune ├── @webassemblyjs/wast-printer@1.9.1
73 silly idealTree:prePrune ├── @webpack-cli/info@1.2.0
73 silly idealTree:prePrune ├── @webpack-cli/serve@1.2.0
73 silly idealTree:prePrune ├── @xtuc/ieee754@1.2.0
73 silly idealTree:prePrune ├── @xtuc/long@4.2.2
73 silly idealTree:prePrune ├── acorn@8.0.4
73 silly idealTree:prePrune ├── ajv-keywords@3.5.2
73 silly idealTree:prePrune ├── ajv@6.12.6
73 silly idealTree:prePrune ├── ansi-colors@4.1.1
73 silly idealTree:prePrune ├── ansi-styles@3.2.1
73 silly idealTree:prePrune ├─┬ babel-loader@8.2.2
73 silly idealTree:prePrune │ └── schema-utils@2.7.1
73 silly idealTree:prePrune ├── babel-plugin-dynamic-import-node@2.3.3
73 silly idealTree:prePrune ├── big.js@5.2.2
73 silly idealTree:prePrune ├── browserslist@4.16.0
73 silly idealTree:prePrune ├── buffer-from@1.1.1
73 silly idealTree:prePrune ├── call-bind@1.0.0
73 silly idealTree:prePrune ├── caniuse-lite@1.0.30001171
73 silly idealTree:prePrune ├─┬ chalk@2.4.2
73 silly idealTree:prePrune │ ├── has-flag@3.0.0
73 silly idealTree:prePrune │ └── supports-color@5.5.0
73 silly idealTree:prePrune ├── chrome-trace-event@1.0.2
73 silly idealTree:prePrune ├── clsx@1.1.1
73 silly idealTree:prePrune ├── color-convert@1.9.3
73 silly idealTree:prePrune ├── color-name@1.1.3
73 silly idealTree:prePrune ├── colorette@1.2.1
73 silly idealTree:prePrune ├── commander@2.20.3
73 silly idealTree:prePrune ├── commondir@1.0.1
73 silly idealTree:prePrune ├─┬ convert-source-map@1.7.0
73 silly idealTree:prePrune │ └── safe-buffer@5.1.2
73 silly idealTree:prePrune ├─┬ core-js-compat@3.8.1
73 silly idealTree:prePrune │ └── semver@7.0.0
73 silly idealTree:prePrune ├── cross-spawn@7.0.3
73 silly idealTree:prePrune ├── css-vendor@2.0.8
73 silly idealTree:prePrune ├── csstype@2.6.14
73 silly idealTree:prePrune ├── debug@4.3.1
73 silly idealTree:prePrune ├── define-properties@1.1.3
73 silly idealTree:prePrune ├─┬ dom-helpers@5.2.0
73 silly idealTree:prePrune │ └── csstype@3.0.5
73 silly idealTree:prePrune ├── electron-to-chromium@1.3.633
73 silly idealTree:prePrune ├── emojis-list@3.0.0
73 silly idealTree:prePrune ├── end-of-stream@1.4.4
73 silly idealTree:prePrune ├── enhanced-resolve@5.4.1
73 silly idealTree:prePrune ├── enquirer@2.3.6
73 silly idealTree:prePrune ├── envinfo@7.7.3
73 silly idealTree:prePrune ├── escalade@3.1.1
73 silly idealTree:prePrune ├── escape-string-regexp@1.0.5
73 silly idealTree:prePrune ├── eslint-scope@5.1.1
73 silly idealTree:prePrune ├─┬ esrecurse@4.3.0
73 silly idealTree:prePrune │ └── estraverse@5.2.0
73 silly idealTree:prePrune ├── estraverse@4.3.0
73 silly idealTree:prePrune ├── esutils@2.0.3
73 silly idealTree:prePrune ├── events@3.2.0
73 silly idealTree:prePrune ├── execa@4.1.0
73 silly idealTree:prePrune ├── fast-deep-equal@3.1.3
73 silly idealTree:prePrune ├── fast-json-stable-stringify@2.1.0
73 silly idealTree:prePrune ├── fastest-levenshtein@1.0.12
73 silly idealTree:prePrune ├─┬ find-cache-dir@3.3.1
73 silly idealTree:prePrune │ ├── find-up@4.1.0
73 silly idealTree:prePrune │ ├── locate-path@5.0.0
73 silly idealTree:prePrune │ ├── p-limit@2.3.0
73 silly idealTree:prePrune │ ├── p-locate@4.1.0
73 silly idealTree:prePrune │ └── pkg-dir@4.2.0
73 silly idealTree:prePrune ├── find-up@5.0.0
73 silly idealTree:prePrune ├── function-bind@1.1.1
73 silly idealTree:prePrune ├── gensync@1.0.0-beta.2
73 silly idealTree:prePrune ├── get-intrinsic@1.0.2
73 silly idealTree:prePrune ├── get-stream@5.2.0
73 silly idealTree:prePrune ├── glob-to-regexp@0.4.1
73 silly idealTree:prePrune ├── globals@11.12.0
73 silly idealTree:prePrune ├── graceful-fs@4.2.4
73 silly idealTree:prePrune ├── has-flag@4.0.0
73 silly idealTree:prePrune ├── has-symbols@1.0.1
73 silly idealTree:prePrune ├── has@1.0.3
73 silly idealTree:prePrune ├── history@4.10.1
73 silly idealTree:prePrune ├─┬ hoist-non-react-statics@3.3.2
73 silly idealTree:prePrune │ └── react-is@16.13.1
73 silly idealTree:prePrune ├── human-signals@1.1.1
73 silly idealTree:prePrune ├── hyphenate-style-name@1.0.4
73 silly idealTree:prePrune ├─┬ import-local@3.0.2
73 silly idealTree:prePrune │ ├── find-up@4.1.0
73 silly idealTree:prePrune │ ├── locate-path@5.0.0
73 silly idealTree:prePrune │ ├── p-limit@2.3.0
73 silly idealTree:prePrune │ ├── p-locate@4.1.0
73 silly idealTree:prePrune │ └── pkg-dir@4.2.0
73 silly idealTree:prePrune ├── indefinite-observable@2.0.1
73 silly idealTree:prePrune ├── interpret@2.2.0
73 silly idealTree:prePrune ├── is-core-module@2.2.0
73 silly idealTree:prePrune ├── is-in-browser@1.1.3
73 silly idealTree:prePrune ├── is-stream@2.0.0
73 silly idealTree:prePrune ├── isarray@0.0.1
73 silly idealTree:prePrune ├── isexe@2.0.0
73 silly idealTree:prePrune ├── jest-worker@26.6.2
73 silly idealTree:prePrune ├── js-tokens@4.0.0
73 silly idealTree:prePrune ├── jsesc@2.5.2
73 silly idealTree:prePrune ├── json-parse-better-errors@1.0.2
73 silly idealTree:prePrune ├── json-schema-traverse@0.4.1
73 silly idealTree:prePrune ├── json5@2.1.3
73 silly idealTree:prePrune ├── jss-plugin-camel-case@10.5.0
73 silly idealTree:prePrune ├── jss-plugin-default-unit@10.5.0
73 silly idealTree:prePrune ├── jss-plugin-global@10.5.0
73 silly idealTree:prePrune ├── jss-plugin-nested@10.5.0
73 silly idealTree:prePrune ├── jss-plugin-props-sort@10.5.0
73 silly idealTree:prePrune ├── jss-plugin-rule-value-function@10.5.0
73 silly idealTree:prePrune ├── jss-plugin-vendor-prefixer@10.5.0
73 silly idealTree:prePrune ├─┬ jss@10.5.0
73 silly idealTree:prePrune │ └── csstype@3.0.5
73 silly idealTree:prePrune ├── loader-runner@4.1.0
73 silly idealTree:prePrune ├─┬ loader-utils@1.4.0
73 silly idealTree:prePrune │ └── json5@1.0.1
73 silly idealTree:prePrune ├── locate-path@6.0.0
73 silly idealTree:prePrune ├── lodash@4.17.20
73 silly idealTree:prePrune ├── loose-envify@1.4.0
73 silly idealTree:prePrune ├─┬ make-dir@3.1.0
73 silly idealTree:prePrune │ └── semver@6.3.0
73 silly idealTree:prePrune ├── merge-stream@2.0.0
73 silly idealTree:prePrune ├── mime-db@1.44.0
73 silly idealTree:prePrune ├── mime-types@2.1.27
73 silly idealTree:prePrune ├── mimic-fn@2.1.0
73 silly idealTree:prePrune ├── mini-create-react-context@0.4.1
73 silly idealTree:prePrune ├── minimist@1.2.5
73 silly idealTree:prePrune ├── ms@2.1.2
73 silly idealTree:prePrune ├── neo-async@2.6.2
73 silly idealTree:prePrune ├── node-releases@1.1.67
73 silly idealTree:prePrune ├── npm-run-path@4.0.1
73 silly idealTree:prePrune ├── object-assign@4.1.1
73 silly idealTree:prePrune ├── object-keys@1.1.1
73 silly idealTree:prePrune ├── object.assign@4.1.2
73 silly idealTree:prePrune ├── once@1.4.0
73 silly idealTree:prePrune ├── onetime@5.1.2
73 silly idealTree:prePrune ├── p-limit@3.1.0
73 silly idealTree:prePrune ├── p-locate@5.0.0
73 silly idealTree:prePrune ├── p-try@2.2.0
73 silly idealTree:prePrune ├── path-exists@4.0.0
73 silly idealTree:prePrune ├── path-key@3.1.1
73 silly idealTree:prePrune ├── path-parse@1.0.6
73 silly idealTree:prePrune ├── path-to-regexp@1.8.0
73 silly idealTree:prePrune ├── pkg-dir@5.0.0
73 silly idealTree:prePrune ├── popper.js@1.16.1-lts
73 silly idealTree:prePrune ├─┬ prop-types@15.7.2
73 silly idealTree:prePrune │ └── react-is@16.13.1
73 silly idealTree:prePrune ├── pump@3.0.0
73 silly idealTree:prePrune ├── punycode@2.1.1
73 silly idealTree:prePrune ├── randombytes@2.1.0
73 silly idealTree:prePrune ├── react-dom@17.0.1
73 silly idealTree:prePrune ├── react-is@17.0.1
73 silly idealTree:prePrune ├── react-router-dom@5.2.0
73 silly idealTree:prePrune ├─┬ react-router@5.2.0
73 silly idealTree:prePrune │ └── react-is@16.13.1
73 silly idealTree:prePrune ├── react-transition-group@4.4.1
73 silly idealTree:prePrune ├── react@17.0.1
73 silly idealTree:prePrune ├── rechoir@0.7.0
73 silly idealTree:prePrune ├── regenerate-unicode-properties@8.2.0
73 silly idealTree:prePrune ├── regenerate@1.4.2
73 silly idealTree:prePrune ├── regenerator-runtime@0.13.7
73 silly idealTree:prePrune ├── regenerator-transform@0.14.5
73 silly idealTree:prePrune ├── regexpu-core@4.7.1
73 silly idealTree:prePrune ├── regjsgen@0.5.2
73 silly idealTree:prePrune ├─┬ regjsparser@0.6.4
73 silly idealTree:prePrune │ └── jsesc@0.5.0
73 silly idealTree:prePrune ├── resolve-cwd@3.0.0
73 silly idealTree:prePrune ├── resolve-from@5.0.0
73 silly idealTree:prePrune ├── resolve-pathname@3.0.0
73 silly idealTree:prePrune ├── resolve@1.19.0
73 silly idealTree:prePrune ├── safe-buffer@5.2.1
73 silly idealTree:prePrune ├── scheduler@0.20.1
73 silly idealTree:prePrune ├── schema-utils@3.0.0
73 silly idealTree:prePrune ├── semver@5.7.1
73 silly idealTree:prePrune ├── serialize-javascript@5.0.1
73 silly idealTree:prePrune ├── shebang-command@2.0.0
73 silly idealTree:prePrune ├── shebang-regex@3.0.0
73 silly idealTree:prePrune ├── signal-exit@3.0.3
73 silly idealTree:prePrune ├── source-list-map@2.0.1
73 silly idealTree:prePrune ├── source-map-support@0.5.19
73 silly idealTree:prePrune ├── source-map@0.6.1
73 silly idealTree:prePrune ├── strip-final-newline@2.0.0
73 silly idealTree:prePrune ├── supports-color@7.2.0
73 silly idealTree:prePrune ├── symbol-observable@1.2.0
73 silly idealTree:prePrune ├── tapable@2.2.0
73 silly idealTree:prePrune ├── terser-webpack-plugin@5.0.3
73 silly idealTree:prePrune ├─┬ terser@5.5.1
73 silly idealTree:prePrune │ └── source-map@0.7.3
73 silly idealTree:prePrune ├── tiny-invariant@1.1.0
73 silly idealTree:prePrune ├── tiny-warning@1.0.3
73 silly idealTree:prePrune ├── to-fast-properties@2.0.0
73 silly idealTree:prePrune ├── tslib@1.14.1
73 silly idealTree:prePrune ├── unicode-canonical-property-names-ecmascript@1.0.4
73 silly idealTree:prePrune ├── unicode-match-property-ecmascript@1.0.4
73 silly idealTree:prePrune ├── unicode-match-property-value-ecmascript@1.2.0
73 silly idealTree:prePrune ├── unicode-property-aliases-ecmascript@1.1.0
73 silly idealTree:prePrune ├── uri-js@4.4.0
73 silly idealTree:prePrune ├── v8-compile-cache@2.2.0
73 silly idealTree:prePrune ├── value-equal@1.0.1
73 silly idealTree:prePrune ├── watchpack@2.1.0
73 silly idealTree:prePrune ├─┬ webpack-cli@4.3.0
73 silly idealTree:prePrune │ └── commander@6.2.1
73 silly idealTree:prePrune ├── webpack-merge@4.2.2
73 silly idealTree:prePrune ├── webpack-sources@2.2.0
73 silly idealTree:prePrune ├── webpack@5.11.1
73 silly idealTree:prePrune ├── which@2.0.2
73 silly idealTree:prePrune ├── wrappy@1.0.2
73 silly idealTree:prePrune └── yocto-queue@0.1.0
74 silly loadIdealTree Finishing
75 silly currentTree frontend@1.0.0
75 silly currentTree ├── @babel/code-frame@7.12.11
75 silly currentTree ├── @babel/compat-data@7.12.7
75 silly currentTree ├─┬ @babel/core@7.12.10
75 silly currentTree │ └── source-map@0.5.7
75 silly currentTree ├─┬ @babel/generator@7.12.11
75 silly currentTree │ └── source-map@0.5.7
75 silly currentTree ├── @babel/helper-annotate-as-pure@7.12.10
75 silly currentTree ├── @babel/helper-builder-binary-assignment-operator-visitor@7.10.4
75 silly currentTree ├── @babel/helper-compilation-targets@7.12.5
75 silly currentTree ├── @babel/helper-create-class-features-plugin@7.12.1
75 silly currentTree ├── @babel/helper-create-regexp-features-plugin@7.12.7
75 silly currentTree ├── @babel/helper-define-map@7.10.5
75 silly currentTree ├── @babel/helper-explode-assignable-expression@7.12.1
75 silly currentTree ├── @babel/helper-function-name@7.12.11
75 silly currentTree ├── @babel/helper-get-function-arity@7.12.10
75 silly currentTree ├── @babel/helper-hoist-variables@7.10.4
75 silly currentTree ├── @babel/helper-member-expression-to-functions@7.12.7
75 silly currentTree ├── @babel/helper-module-imports@7.12.5
75 silly currentTree ├── @babel/helper-module-transforms@7.12.1
75 silly currentTree ├── @babel/helper-optimise-call-expression@7.12.10
75 silly currentTree ├── @babel/helper-plugin-utils@7.10.4
75 silly currentTree ├── @babel/helper-remap-async-to-generator@7.12.1
75 silly currentTree ├── @babel/helper-replace-supers@7.12.11
75 silly currentTree ├── @babel/helper-simple-access@7.12.1
75 silly currentTree ├── @babel/helper-skip-transparent-expression-wrappers@7.12.1
75 silly currentTree ├── @babel/helper-split-export-declaration@7.12.11
75 silly currentTree ├── @babel/helper-validator-identifier@7.12.11
75 silly currentTree ├── @babel/helper-validator-option@7.12.11
75 silly currentTree ├── @babel/helper-wrap-function@7.12.3
75 silly currentTree ├── @babel/helpers@7.12.5
75 silly currentTree ├── @babel/highlight@7.10.4
75 silly currentTree ├── @babel/parser@7.12.11
75 silly currentTree ├── @babel/plugin-proposal-async-generator-functions@7.12.12
75 silly currentTree ├── @babel/plugin-proposal-class-properties@7.12.1
75 silly currentTree ├── @babel/plugin-proposal-dynamic-import@7.12.1
75 silly currentTree ├── @babel/plugin-proposal-export-namespace-from@7.12.1
75 silly currentTree ├── @babel/plugin-proposal-json-strings@7.12.1
75 silly currentTree ├── @babel/plugin-proposal-logical-assignment-operators@7.12.1
75 silly currentTree ├── @babel/plugin-proposal-nullish-coalescing-operator@7.12.1
75 silly currentTree ├── @babel/plugin-proposal-numeric-separator@7.12.7
75 silly currentTree ├── @babel/plugin-proposal-object-rest-spread@7.12.1
75 silly currentTree ├── @babel/plugin-proposal-optional-catch-binding@7.12.1
75 silly currentTree ├── @babel/plugin-proposal-optional-chaining@7.12.7
75 silly currentTree ├── @babel/plugin-proposal-private-methods@7.12.1
75 silly currentTree ├── @babel/plugin-proposal-unicode-property-regex@7.12.1
75 silly currentTree ├── @babel/plugin-syntax-async-generators@7.8.4
75 silly currentTree ├── @babel/plugin-syntax-class-properties@7.12.1
75 silly currentTree ├── @babel/plugin-syntax-dynamic-import@7.8.3
75 silly currentTree ├── @babel/plugin-syntax-export-namespace-from@7.8.3
75 silly currentTree ├── @babel/plugin-syntax-json-strings@7.8.3
75 silly currentTree ├── @babel/plugin-syntax-jsx@7.12.1
75 silly currentTree ├── @babel/plugin-syntax-logical-assignment-operators@7.10.4
75 silly currentTree ├── @babel/plugin-syntax-nullish-coalescing-operator@7.8.3
75 silly currentTree ├── @babel/plugin-syntax-numeric-separator@7.10.4
75 silly currentTree ├── @babel/plugin-syntax-object-rest-spread@7.8.3
75 silly currentTree ├── @babel/plugin-syntax-optional-catch-binding@7.8.3
75 silly currentTree ├── @babel/plugin-syntax-optional-chaining@7.8.3
75 silly currentTree ├── @babel/plugin-syntax-top-level-await@7.12.1
75 silly currentTree ├── @babel/plugin-transform-arrow-functions@7.12.1
75 silly currentTree ├── @babel/plugin-transform-async-to-generator@7.12.1
75 silly currentTree ├── @babel/plugin-transform-block-scoped-functions@7.12.1
75 silly currentTree ├── @babel/plugin-transform-block-scoping@7.12.12
75 silly currentTree ├── @babel/plugin-transform-classes@7.12.1
75 silly currentTree ├── @babel/plugin-transform-computed-properties@7.12.1
75 silly currentTree ├── @babel/plugin-transform-destructuring@7.12.1
75 silly currentTree ├── @babel/plugin-transform-dotall-regex@7.12.1
75 silly currentTree ├── @babel/plugin-transform-duplicate-keys@7.12.1
75 silly currentTree ├── @babel/plugin-transform-exponentiation-operator@7.12.1
75 silly currentTree ├── @babel/plugin-transform-for-of@7.12.1
75 silly currentTree ├── @babel/plugin-transform-function-name@7.12.1
75 silly currentTree ├── @babel/plugin-transform-literals@7.12.1
75 silly currentTree ├── @babel/plugin-transform-member-expression-literals@7.12.1
75 silly currentTree ├── @babel/plugin-transform-modules-amd@7.12.1
75 silly currentTree ├── @babel/plugin-transform-modules-commonjs@7.12.1
75 silly currentTree ├── @babel/plugin-transform-modules-systemjs@7.12.1
75 silly currentTree ├── @babel/plugin-transform-modules-umd@7.12.1
75 silly currentTree ├── @babel/plugin-transform-named-capturing-groups-regex@7.12.1
75 silly currentTree ├── @babel/plugin-transform-new-target@7.12.1
75 silly currentTree ├── @babel/plugin-transform-object-super@7.12.1
75 silly currentTree ├── @babel/plugin-transform-parameters@7.12.1
75 silly currentTree ├── @babel/plugin-transform-property-literals@7.12.1
75 silly currentTree ├── @babel/plugin-transform-react-display-name@7.12.1
75 silly currentTree ├── @babel/plugin-transform-react-jsx-development@7.12.12
75 silly currentTree ├── @babel/plugin-transform-react-jsx@7.12.12
75 silly currentTree ├── @babel/plugin-transform-react-pure-annotations@7.12.1
75 silly currentTree ├── @babel/plugin-transform-regenerator@7.12.1
75 silly currentTree ├── @babel/plugin-transform-reserved-words@7.12.1
75 silly currentTree ├── @babel/plugin-transform-shorthand-properties@7.12.1
75 silly currentTree ├── @babel/plugin-transform-spread@7.12.1
75 silly currentTree ├── @babel/plugin-transform-sticky-regex@7.12.7
75 silly currentTree ├── @babel/plugin-transform-template-literals@7.12.1
75 silly currentTree ├── @babel/plugin-transform-typeof-symbol@7.12.10
75 silly currentTree ├── @babel/plugin-transform-unicode-escapes@7.12.1
75 silly currentTree ├── @babel/plugin-transform-unicode-regex@7.12.1
75 silly currentTree ├── @babel/preset-env@7.12.11
75 silly currentTree ├── @babel/preset-modules@0.1.4
75 silly currentTree ├── @babel/preset-react@7.12.10
75 silly currentTree ├── @babel/runtime@7.12.5
75 silly currentTree ├── @babel/template@7.12.7
75 silly currentTree ├── @babel/traverse@7.12.12
75 silly currentTree ├── @babel/types@7.12.12
75 silly currentTree ├── @discoveryjs/json-ext@0.5.2
75 silly currentTree ├── @emotion/hash@0.8.0
75 silly currentTree ├── @material-ui/core@4.11.2
75 silly currentTree ├── @material-ui/styles@4.11.2
75 silly currentTree ├── @material-ui/system@4.11.2
75 silly currentTree ├── @material-ui/types@5.1.0
75 silly currentTree ├── @material-ui/utils@4.11.2
75 silly currentTree ├── @types/eslint-scope@3.7.0
75 silly currentTree ├── @types/eslint@7.2.6
75 silly currentTree ├── @types/estree@0.0.45
75 silly currentTree ├── @types/json-schema@7.0.6
75 silly currentTree ├── @types/node@14.14.16
75 silly currentTree ├── @types/prop-types@15.7.3
75 silly currentTree ├── @types/react-transition-group@4.4.0
75 silly currentTree ├─┬ @types/react@17.0.0
75 silly currentTree │ └── csstype@3.0.5
75 silly currentTree ├── @webassemblyjs/ast@1.9.1
75 silly currentTree ├── @webassemblyjs/floating-point-hex-parser@1.9.1
75 silly currentTree ├── @webassemblyjs/helper-api-error@1.9.1
75 silly currentTree ├── @webassemblyjs/helper-buffer@1.9.1
75 silly currentTree ├── @webassemblyjs/helper-code-frame@1.9.1
75 silly currentTree ├── @webassemblyjs/helper-fsm@1.9.1
75 silly currentTree ├── @webassemblyjs/helper-module-context@1.9.1
75 silly currentTree ├── @webassemblyjs/helper-wasm-bytecode@1.9.1
75 silly currentTree ├── @webassemblyjs/helper-wasm-section@1.9.1
75 silly currentTree ├── @webassemblyjs/ieee754@1.9.1
75 silly currentTree ├── @webassemblyjs/leb128@1.9.1
75 silly currentTree ├── @webassemblyjs/utf8@1.9.1
75 silly currentTree ├── @webassemblyjs/wasm-edit@1.9.1
75 silly currentTree ├── @webassemblyjs/wasm-gen@1.9.1
75 silly currentTree ├── @webassemblyjs/wasm-opt@1.9.1
75 silly currentTree ├── @webassemblyjs/wasm-parser@1.9.1
75 silly currentTree ├── @webassemblyjs/wast-parser@1.9.1
75 silly currentTree ├── @webassemblyjs/wast-printer@1.9.1
75 silly currentTree ├── @webpack-cli/info@1.2.0
75 silly currentTree ├── @webpack-cli/serve@1.2.0
75 silly currentTree ├── @xtuc/ieee754@1.2.0
75 silly currentTree ├── @xtuc/long@4.2.2
75 silly currentTree ├── acorn@8.0.4
75 silly currentTree ├── ajv-keywords@3.5.2
75 silly currentTree ├── ajv@6.12.6
75 silly currentTree ├── ansi-colors@4.1.1
75 silly currentTree ├── ansi-styles@3.2.1
75 silly currentTree ├─┬ babel-loader@8.2.2
75 silly currentTree │ └── schema-utils@2.7.1
75 silly currentTree ├── babel-plugin-dynamic-import-node@2.3.3
75 silly currentTree ├── big.js@5.2.2
75 silly currentTree ├── browserslist@4.16.0
75 silly currentTree ├── buffer-from@1.1.1
75 silly currentTree ├── call-bind@1.0.0
75 silly currentTree ├── caniuse-lite@1.0.30001171
75 silly currentTree ├─┬ chalk@2.4.2
75 silly currentTree │ ├── has-flag@3.0.0
75 silly currentTree │ └── supports-color@5.5.0
75 silly currentTree ├── chrome-trace-event@1.0.2
75 silly currentTree ├── clsx@1.1.1
75 silly currentTree ├── color-convert@1.9.3
75 silly currentTree ├── color-name@1.1.3
75 silly currentTree ├── colorette@1.2.1
75 silly currentTree ├── commander@2.20.3
75 silly currentTree ├── commondir@1.0.1
75 silly currentTree ├─┬ convert-source-map@1.7.0
75 silly currentTree │ └── safe-buffer@5.1.2
75 silly currentTree ├─┬ core-js-compat@3.8.1
75 silly currentTree │ └── semver@7.0.0
75 silly currentTree ├── cross-spawn@7.0.3
75 silly currentTree ├── css-vendor@2.0.8
75 silly currentTree ├── csstype@2.6.14
75 silly currentTree ├── debug@4.3.1
75 silly currentTree ├── define-properties@1.1.3
75 silly currentTree ├─┬ dom-helpers@5.2.0
75 silly currentTree │ └── csstype@3.0.5
75 silly currentTree ├── electron-to-chromium@1.3.633
75 silly currentTree ├── emojis-list@3.0.0
75 silly currentTree ├── end-of-stream@1.4.4
75 silly currentTree ├── enhanced-resolve@5.4.1
75 silly currentTree ├── enquirer@2.3.6
75 silly currentTree ├── envinfo@7.7.3
75 silly currentTree ├── escalade@3.1.1
75 silly currentTree ├── escape-string-regexp@1.0.5
75 silly currentTree ├── eslint-scope@5.1.1
75 silly currentTree ├─┬ esrecurse@4.3.0
75 silly currentTree │ └── estraverse@5.2.0
75 silly currentTree ├── estraverse@4.3.0
75 silly currentTree ├── esutils@2.0.3
75 silly currentTree ├── events@3.2.0
75 silly currentTree ├── execa@4.1.0
75 silly currentTree ├── fast-deep-equal@3.1.3
75 silly currentTree ├── fast-json-stable-stringify@2.1.0
75 silly currentTree ├── fastest-levenshtein@1.0.12
75 silly currentTree ├─┬ find-cache-dir@3.3.1
75 silly currentTree │ ├── find-up@4.1.0
75 silly currentTree │ ├── locate-path@5.0.0
75 silly currentTree │ ├── p-limit@2.3.0
75 silly currentTree │ ├── p-locate@4.1.0
75 silly currentTree │ └── pkg-dir@4.2.0
75 silly currentTree ├── find-up@5.0.0
75 silly currentTree ├── function-bind@1.1.1
75 silly currentTree ├── gensync@1.0.0-beta.2
75 silly currentTree ├── get-intrinsic@1.0.2
75 silly currentTree ├── get-stream@5.2.0
75 silly currentTree ├── glob-to-regexp@0.4.1
75 silly currentTree ├── globals@11.12.0
75 silly currentTree ├── graceful-fs@4.2.4
75 silly currentTree ├── has-flag@4.0.0
75 silly currentTree ├── has-symbols@1.0.1
75 silly currentTree ├── has@1.0.3
75 silly currentTree ├── history@4.10.1
75 silly currentTree ├─┬ hoist-non-react-statics@3.3.2
75 silly currentTree │ └── react-is@16.13.1
75 silly currentTree ├── human-signals@1.1.1
75 silly currentTree ├── hyphenate-style-name@1.0.4
75 silly currentTree ├─┬ import-local@3.0.2
75 silly currentTree │ ├── find-up@4.1.0
75 silly currentTree │ ├── locate-path@5.0.0
75 silly currentTree │ ├── p-limit@2.3.0
75 silly currentTree │ ├── p-locate@4.1.0
75 silly currentTree │ └── pkg-dir@4.2.0
75 silly currentTree ├── indefinite-observable@2.0.1
75 silly currentTree ├── interpret@2.2.0
75 silly currentTree ├── is-core-module@2.2.0
75 silly currentTree ├── is-in-browser@1.1.3
75 silly currentTree ├── is-stream@2.0.0
75 silly currentTree ├── isarray@0.0.1
75 silly currentTree ├── isexe@2.0.0
75 silly currentTree ├── jest-worker@26.6.2
75 silly currentTree ├── js-tokens@4.0.0
75 silly currentTree ├── jsesc@2.5.2
75 silly currentTree ├── json-parse-better-errors@1.0.2
75 silly currentTree ├── json-schema-traverse@0.4.1
75 silly currentTree ├── json5@2.1.3
75 silly currentTree ├── jss-plugin-camel-case@10.5.0
75 silly currentTree ├── jss-plugin-default-unit@10.5.0
75 silly currentTree ├── jss-plugin-global@10.5.0
75 silly currentTree ├── jss-plugin-nested@10.5.0
75 silly currentTree ├── jss-plugin-props-sort@10.5.0
75 silly currentTree ├── jss-plugin-rule-value-function@10.5.0
75 silly currentTree ├── jss-plugin-vendor-prefixer@10.5.0
75 silly currentTree ├─┬ jss@10.5.0
75 silly currentTree │ └── csstype@3.0.5
75 silly currentTree ├── loader-runner@4.1.0
75 silly currentTree ├─┬ loader-utils@1.4.0
75 silly currentTree │ └── json5@1.0.1
75 silly currentTree ├── locate-path@6.0.0
75 silly currentTree ├── lodash@4.17.20
75 silly currentTree ├── loose-envify@1.4.0
75 silly currentTree ├─┬ make-dir@3.1.0
75 silly currentTree │ └── semver@6.3.0
75 silly currentTree ├── merge-stream@2.0.0
75 silly currentTree ├── mime-db@1.44.0
75 silly currentTree ├── mime-types@2.1.27
75 silly currentTree ├── mimic-fn@2.1.0
75 silly currentTree ├── mini-create-react-context@0.4.1
75 silly currentTree ├── minimist@1.2.5
75 silly currentTree ├── ms@2.1.2
75 silly currentTree ├── neo-async@2.6.2
75 silly currentTree ├── node-releases@1.1.67
75 silly currentTree ├── npm-run-path@4.0.1
75 silly currentTree ├── object-assign@4.1.1
75 silly currentTree ├── object-keys@1.1.1
75 silly currentTree ├── object.assign@4.1.2
75 silly currentTree ├── once@1.4.0
75 silly currentTree ├── onetime@5.1.2
75 silly currentTree ├── p-limit@3.1.0
75 silly currentTree ├── p-locate@5.0.0
75 silly currentTree ├── p-try@2.2.0
75 silly currentTree ├── path-exists@4.0.0
75 silly currentTree ├── path-key@3.1.1
75 silly currentTree ├── path-parse@1.0.6
75 silly currentTree ├── path-to-regexp@1.8.0
75 silly currentTree ├── pkg-dir@5.0.0
75 silly currentTree ├── popper.js@1.16.1-lts
75 silly currentTree ├─┬ prop-types@15.7.2
75 silly currentTree │ └── react-is@16.13.1
75 silly currentTree ├── pump@3.0.0
75 silly currentTree ├── punycode@2.1.1
75 silly currentTree ├── randombytes@2.1.0
75 silly currentTree ├── react-dom@17.0.1
75 silly currentTree ├── react-is@17.0.1
75 silly currentTree ├── react-router-dom@5.2.0
75 silly currentTree ├─┬ react-router@5.2.0
75 silly currentTree │ └── react-is@16.13.1
75 silly currentTree ├── react-transition-group@4.4.1
75 silly currentTree ├── react@17.0.1
75 silly currentTree ├── rechoir@0.7.0
75 silly currentTree ├── regenerate-unicode-properties@8.2.0
75 silly currentTree ├── regenerate@1.4.2
75 silly currentTree ├── regenerator-runtime@0.13.7
75 silly currentTree ├── regenerator-transform@0.14.5
75 silly currentTree ├── regexpu-core@4.7.1
75 silly currentTree ├── regjsgen@0.5.2
75 silly currentTree ├─┬ regjsparser@0.6.4
75 silly currentTree │ └── jsesc@0.5.0
75 silly currentTree ├── resolve-cwd@3.0.0
75 silly currentTree ├── resolve-from@5.0.0
75 silly currentTree ├── resolve-pathname@3.0.0
75 silly currentTree ├── resolve@1.19.0
75 silly currentTree ├── safe-buffer@5.2.1
75 silly currentTree ├── scheduler@0.20.1
75 silly currentTree ├── schema-utils@3.0.0
75 silly currentTree ├── semver@5.7.1
75 silly currentTree ├── serialize-javascript@5.0.1
75 silly currentTree ├── shebang-command@2.0.0
75 silly currentTree ├── shebang-regex@3.0.0
75 silly currentTree ├── signal-exit@3.0.3
75 silly currentTree ├── source-list-map@2.0.1
75 silly currentTree ├── source-map-support@0.5.19
75 silly currentTree ├── source-map@0.6.1
75 silly currentTree ├── strip-final-newline@2.0.0
75 silly currentTree ├── supports-color@7.2.0
75 silly currentTree ├── symbol-observable@1.2.0
75 silly currentTree ├── tapable@2.2.0
75 silly currentTree ├── terser-webpack-plugin@5.0.3
75 silly currentTree ├─┬ terser@5.5.1
75 silly currentTree │ └── source-map@0.7.3
75 silly currentTree ├── tiny-invariant@1.1.0
75 silly currentTree ├── tiny-warning@1.0.3
75 silly currentTree ├── to-fast-properties@2.0.0
75 silly currentTree ├── tslib@1.14.1
75 silly currentTree ├── unicode-canonical-property-names-ecmascript@1.0.4
75 silly currentTree ├── unicode-match-property-ecmascript@1.0.4
75 silly currentTree ├── unicode-match-property-value-ecmascript@1.2.0
75 silly currentTree ├── unicode-property-aliases-ecmascript@1.1.0
75 silly currentTree ├── uri-js@4.4.0
75 silly currentTree ├── v8-compile-cache@2.2.0
75 silly currentTree ├── value-equal@1.0.1
75 silly currentTree ├── watchpack@2.1.0
75 silly currentTree ├─┬ webpack-cli@4.3.0
75 silly currentTree │ └── commander@6.2.1
75 silly currentTree ├── webpack-merge@4.2.2
75 silly currentTree ├── webpack-sources@2.2.0
75 silly currentTree ├── webpack@5.11.1
75 silly currentTree ├── which@2.0.2
75 silly currentTree ├── wrappy@1.0.2
75 silly currentTree └── yocto-queue@0.1.0
76 silly idealTree frontend@1.0.0
76 silly idealTree ├── @babel/code-frame@7.12.11
76 silly idealTree ├── @babel/compat-data@7.12.7
76 silly idealTree ├─┬ @babel/core@7.12.10
76 silly idealTree │ └── source-map@0.5.7
76 silly idealTree ├─┬ @babel/generator@7.12.11
76 silly idealTree │ └── source-map@0.5.7
76 silly idealTree ├── @babel/helper-annotate-as-pure@7.12.10
76 silly idealTree ├── @babel/helper-builder-binary-assignment-operator-visitor@7.10.4
76 silly idealTree ├── @babel/helper-compilation-targets@7.12.5
76 silly idealTree ├── @babel/helper-create-class-features-plugin@7.12.1
76 silly idealTree ├── @babel/helper-create-regexp-features-plugin@7.12.7
76 silly idealTree ├── @babel/helper-define-map@7.10.5
76 silly idealTree ├── @babel/helper-explode-assignable-expression@7.12.1
76 silly idealTree ├── @babel/helper-function-name@7.12.11
76 silly idealTree ├── @babel/helper-get-function-arity@7.12.10
76 silly idealTree ├── @babel/helper-hoist-variables@7.10.4
76 silly idealTree ├── @babel/helper-member-expression-to-functions@7.12.7
76 silly idealTree ├── @babel/helper-module-imports@7.12.5
76 silly idealTree ├── @babel/helper-module-transforms@7.12.1
76 silly idealTree ├── @babel/helper-optimise-call-expression@7.12.10
76 silly idealTree ├── @babel/helper-plugin-utils@7.10.4
76 silly idealTree ├── @babel/helper-remap-async-to-generator@7.12.1
76 silly idealTree ├── @babel/helper-replace-supers@7.12.11
76 silly idealTree ├── @babel/helper-simple-access@7.12.1
76 silly idealTree ├── @babel/helper-skip-transparent-expression-wrappers@7.12.1
76 silly idealTree ├── @babel/helper-split-export-declaration@7.12.11
76 silly idealTree ├── @babel/helper-validator-identifier@7.12.11
76 silly idealTree ├── @babel/helper-validator-option@7.12.11
76 silly idealTree ├── @babel/helper-wrap-function@7.12.3
76 silly idealTree ├── @babel/helpers@7.12.5
76 silly idealTree ├── @babel/highlight@7.10.4
76 silly idealTree ├── @babel/parser@7.12.11
76 silly idealTree ├── @babel/plugin-proposal-async-generator-functions@7.12.12
76 silly idealTree ├── @babel/plugin-proposal-class-properties@7.12.1
76 silly idealTree ├── @babel/plugin-proposal-dynamic-import@7.12.1
76 silly idealTree ├── @babel/plugin-proposal-export-namespace-from@7.12.1
76 silly idealTree ├── @babel/plugin-proposal-json-strings@7.12.1
76 silly idealTree ├── @babel/plugin-proposal-logical-assignment-operators@7.12.1
76 silly idealTree ├── @babel/plugin-proposal-nullish-coalescing-operator@7.12.1
76 silly idealTree ├── @babel/plugin-proposal-numeric-separator@7.12.7
76 silly idealTree ├── @babel/plugin-proposal-object-rest-spread@7.12.1
76 silly idealTree ├── @babel/plugin-proposal-optional-catch-binding@7.12.1
76 silly idealTree ├── @babel/plugin-proposal-optional-chaining@7.12.7
76 silly idealTree ├── @babel/plugin-proposal-private-methods@7.12.1
76 silly idealTree ├── @babel/plugin-proposal-unicode-property-regex@7.12.1
76 silly idealTree ├── @babel/plugin-syntax-async-generators@7.8.4
76 silly idealTree ├── @babel/plugin-syntax-class-properties@7.12.1
76 silly idealTree ├── @babel/plugin-syntax-dynamic-import@7.8.3
76 silly idealTree ├── @babel/plugin-syntax-export-namespace-from@7.8.3
76 silly idealTree ├── @babel/plugin-syntax-json-strings@7.8.3
76 silly idealTree ├── @babel/plugin-syntax-jsx@7.12.1
76 silly idealTree ├── @babel/plugin-syntax-logical-assignment-operators@7.10.4
76 silly idealTree ├── @babel/plugin-syntax-nullish-coalescing-operator@7.8.3
76 silly idealTree ├── @babel/plugin-syntax-numeric-separator@7.10.4
76 silly idealTree ├── @babel/plugin-syntax-object-rest-spread@7.8.3
76 silly idealTree ├── @babel/plugin-syntax-optional-catch-binding@7.8.3
76 silly idealTree ├── @babel/plugin-syntax-optional-chaining@7.8.3
76 silly idealTree ├── @babel/plugin-syntax-top-level-await@7.12.1
76 silly idealTree ├── @babel/plugin-transform-arrow-functions@7.12.1
76 silly idealTree ├── @babel/plugin-transform-async-to-generator@7.12.1
76 silly idealTree ├── @babel/plugin-transform-block-scoped-functions@7.12.1
76 silly idealTree ├── @babel/plugin-transform-block-scoping@7.12.12
76 silly idealTree ├── @babel/plugin-transform-classes@7.12.1
76 silly idealTree ├── @babel/plugin-transform-computed-properties@7.12.1
76 silly idealTree ├── @babel/plugin-transform-destructuring@7.12.1
76 silly idealTree ├── @babel/plugin-transform-dotall-regex@7.12.1
76 silly idealTree ├── @babel/plugin-transform-duplicate-keys@7.12.1
76 silly idealTree ├── @babel/plugin-transform-exponentiation-operator@7.12.1
76 silly idealTree ├── @babel/plugin-transform-for-of@7.12.1
76 silly idealTree ├── @babel/plugin-transform-function-name@7.12.1
76 silly idealTree ├── @babel/plugin-transform-literals@7.12.1
76 silly idealTree ├── @babel/plugin-transform-member-expression-literals@7.12.1
76 silly idealTree ├── @babel/plugin-transform-modules-amd@7.12.1
76 silly idealTree ├── @babel/plugin-transform-modules-commonjs@7.12.1
76 silly idealTree ├── @babel/plugin-transform-modules-systemjs@7.12.1
76 silly idealTree ├── @babel/plugin-transform-modules-umd@7.12.1
76 silly idealTree ├── @babel/plugin-transform-named-capturing-groups-regex@7.12.1
76 silly idealTree ├── @babel/plugin-transform-new-target@7.12.1
76 silly idealTree ├── @babel/plugin-transform-object-super@7.12.1
76 silly idealTree ├── @babel/plugin-transform-parameters@7.12.1
76 silly idealTree ├── @babel/plugin-transform-property-literals@7.12.1
76 silly idealTree ├── @babel/plugin-transform-react-display-name@7.12.1
76 silly idealTree ├── @babel/plugin-transform-react-jsx-development@7.12.12
76 silly idealTree ├── @babel/plugin-transform-react-jsx@7.12.12
76 silly idealTree ├── @babel/plugin-transform-react-pure-annotations@7.12.1
76 silly idealTree ├── @babel/plugin-transform-regenerator@7.12.1
76 silly idealTree ├── @babel/plugin-transform-reserved-words@7.12.1
76 silly idealTree ├── @babel/plugin-transform-shorthand-properties@7.12.1
76 silly idealTree ├── @babel/plugin-transform-spread@7.12.1
76 silly idealTree ├── @babel/plugin-transform-sticky-regex@7.12.7
76 silly idealTree ├── @babel/plugin-transform-template-literals@7.12.1
76 silly idealTree ├── @babel/plugin-transform-typeof-symbol@7.12.10
76 silly idealTree ├── @babel/plugin-transform-unicode-escapes@7.12.1
76 silly idealTree ├── @babel/plugin-transform-unicode-regex@7.12.1
76 silly idealTree ├── @babel/preset-env@7.12.11
76 silly idealTree ├── @babel/preset-modules@0.1.4
76 silly idealTree ├── @babel/preset-react@7.12.10
76 silly idealTree ├── @babel/runtime@7.12.5
76 silly idealTree ├── @babel/template@7.12.7
76 silly idealTree ├── @babel/traverse@7.12.12
76 silly idealTree ├── @babel/types@7.12.12
76 silly idealTree ├── @discoveryjs/json-ext@0.5.2
76 silly idealTree ├── @emotion/hash@0.8.0
76 silly idealTree ├── @material-ui/core@4.11.2
76 silly idealTree ├── @material-ui/icons@4.11.2
76 silly idealTree ├── @material-ui/styles@4.11.2
76 silly idealTree ├── @material-ui/system@4.11.2
76 silly idealTree ├── @material-ui/types@5.1.0
76 silly idealTree ├── @material-ui/utils@4.11.2
76 silly idealTree ├── @types/eslint-scope@3.7.0
76 silly idealTree ├── @types/eslint@7.2.6
76 silly idealTree ├── @types/estree@0.0.45
76 silly idealTree ├── @types/json-schema@7.0.6
76 silly idealTree ├── @types/node@14.14.16
76 silly idealTree ├── @types/prop-types@15.7.3
76 silly idealTree ├── @types/react-transition-group@4.4.0
76 silly idealTree ├─┬ @types/react@17.0.0
76 silly idealTree │ └── csstype@3.0.5
76 silly idealTree ├── @webassemblyjs/ast@1.9.1
76 silly idealTree ├── @webassemblyjs/floating-point-hex-parser@1.9.1
76 silly idealTree ├── @webassemblyjs/helper-api-error@1.9.1
76 silly idealTree ├── @webassemblyjs/helper-buffer@1.9.1
76 silly idealTree ├── @webassemblyjs/helper-code-frame@1.9.1
76 silly idealTree ├── @webassemblyjs/helper-fsm@1.9.1
76 silly idealTree ├── @webassemblyjs/helper-module-context@1.9.1
76 silly idealTree ├── @webassemblyjs/helper-wasm-bytecode@1.9.1
76 silly idealTree ├── @webassemblyjs/helper-wasm-section@1.9.1
76 silly idealTree ├── @webassemblyjs/ieee754@1.9.1
76 silly idealTree ├── @webassemblyjs/leb128@1.9.1
76 silly idealTree ├── @webassemblyjs/utf8@1.9.1
76 silly idealTree ├── @webassemblyjs/wasm-edit@1.9.1
76 silly idealTree ├── @webassemblyjs/wasm-gen@1.9.1
76 silly idealTree ├── @webassemblyjs/wasm-opt@1.9.1
76 silly idealTree ├── @webassemblyjs/wasm-parser@1.9.1
76 silly idealTree ├── @webassemblyjs/wast-parser@1.9.1
76 silly idealTree ├── @webassemblyjs/wast-printer@1.9.1
76 silly idealTree ├── @webpack-cli/info@1.2.0
76 silly idealTree ├── @webpack-cli/serve@1.2.0
76 silly idealTree ├── @xtuc/ieee754@1.2.0
76 silly idealTree ├── @xtuc/long@4.2.2
76 silly idealTree ├── acorn@8.0.4
76 silly idealTree ├── ajv-keywords@3.5.2
76 silly idealTree ├── ajv@6.12.6
76 silly idealTree ├── ansi-colors@4.1.1
76 silly idealTree ├── ansi-styles@3.2.1
76 silly idealTree ├─┬ babel-loader@8.2.2
76 silly idealTree │ └── schema-utils@2.7.1
76 silly idealTree ├── babel-plugin-dynamic-import-node@2.3.3
76 silly idealTree ├── big.js@5.2.2
76 silly idealTree ├── browserslist@4.16.0
76 silly idealTree ├── buffer-from@1.1.1
76 silly idealTree ├── call-bind@1.0.0
76 silly idealTree ├── caniuse-lite@1.0.30001171
76 silly idealTree ├─┬ chalk@2.4.2
76 silly idealTree │ ├── has-flag@3.0.0
76 silly idealTree │ └── supports-color@5.5.0
76 silly idealTree ├── chrome-trace-event@1.0.2
76 silly idealTree ├── clsx@1.1.1
76 silly idealTree ├── color-convert@1.9.3
76 silly idealTree ├── color-name@1.1.3
76 silly idealTree ├── colorette@1.2.1
76 silly idealTree ├── commander@2.20.3
76 silly idealTree ├── commondir@1.0.1
76 silly idealTree ├─┬ convert-source-map@1.7.0
76 silly idealTree │ └── safe-buffer@5.1.2
76 silly idealTree ├─┬ core-js-compat@3.8.1
76 silly idealTree │ └── semver@7.0.0
76 silly idealTree ├── cross-spawn@7.0.3
76 silly idealTree ├── css-vendor@2.0.8
76 silly idealTree ├── csstype@2.6.14
76 silly idealTree ├── debug@4.3.1
76 silly idealTree ├── define-properties@1.1.3
76 silly idealTree ├─┬ dom-helpers@5.2.0
76 silly idealTree │ └── csstype@3.0.5
76 silly idealTree ├── electron-to-chromium@1.3.633
76 silly idealTree ├── emojis-list@3.0.0
76 silly idealTree ├── end-of-stream@1.4.4
76 silly idealTree ├── enhanced-resolve@5.4.1
76 silly idealTree ├── enquirer@2.3.6
76 silly idealTree ├── envinfo@7.7.3
76 silly idealTree ├── escalade@3.1.1
76 silly idealTree ├── escape-string-regexp@1.0.5
76 silly idealTree ├── eslint-scope@5.1.1
76 silly idealTree ├─┬ esrecurse@4.3.0
76 silly idealTree │ └── estraverse@5.2.0
76 silly idealTree ├── estraverse@4.3.0
76 silly idealTree ├── esutils@2.0.3
76 silly idealTree ├── events@3.2.0
76 silly idealTree ├── execa@4.1.0
76 silly idealTree ├── fast-deep-equal@3.1.3
76 silly idealTree ├── fast-json-stable-stringify@2.1.0
76 silly idealTree ├── fastest-levenshtein@1.0.12
76 silly idealTree ├─┬ find-cache-dir@3.3.1
76 silly idealTree │ ├── find-up@4.1.0
76 silly idealTree │ ├── locate-path@5.0.0
76 silly idealTree │ ├── p-limit@2.3.0
76 silly idealTree │ ├── p-locate@4.1.0
76 silly idealTree │ └── pkg-dir@4.2.0
76 silly idealTree ├── find-up@5.0.0
76 silly idealTree ├── function-bind@1.1.1
76 silly idealTree ├── gensync@1.0.0-beta.2
76 silly idealTree ├── get-intrinsic@1.0.2
76 silly idealTree ├── get-stream@5.2.0
76 silly idealTree ├── glob-to-regexp@0.4.1
76 silly idealTree ├── globals@11.12.0
76 silly idealTree ├── graceful-fs@4.2.4
76 silly idealTree ├── has-flag@4.0.0
76 silly idealTree ├── has-symbols@1.0.1
76 silly idealTree ├── has@1.0.3
76 silly idealTree ├── history@4.10.1
76 silly idealTree ├─┬ hoist-non-react-statics@3.3.2
76 silly idealTree │ └── react-is@16.13.1
76 silly idealTree ├── human-signals@1.1.1
76 silly idealTree ├── hyphenate-style-name@1.0.4
76 silly idealTree ├─┬ import-local@3.0.2
76 silly idealTree │ ├── find-up@4.1.0
76 silly idealTree │ ├── locate-path@5.0.0
76 silly idealTree │ ├── p-limit@2.3.0
76 silly idealTree │ ├── p-locate@4.1.0
76 silly idealTree │ └── pkg-dir@4.2.0
76 silly idealTree ├── indefinite-observable@2.0.1
76 silly idealTree ├── interpret@2.2.0
76 silly idealTree ├── is-core-module@2.2.0
76 silly idealTree ├── is-in-browser@1.1.3
76 silly idealTree ├── is-stream@2.0.0
76 silly idealTree ├── isarray@0.0.1
76 silly idealTree ├── isexe@2.0.0
76 silly idealTree ├── jest-worker@26.6.2
76 silly idealTree ├── js-tokens@4.0.0
76 silly idealTree ├── jsesc@2.5.2
76 silly idealTree ├── json-parse-better-errors@1.0.2
76 silly idealTree ├── json-schema-traverse@0.4.1
76 silly idealTree ├── json5@2.1.3
76 silly idealTree ├── jss-plugin-camel-case@10.5.0
76 silly idealTree ├── jss-plugin-default-unit@10.5.0
76 silly idealTree ├── jss-plugin-global@10.5.0
76 silly idealTree ├── jss-plugin-nested@10.5.0
76 silly idealTree ├── jss-plugin-props-sort@10.5.0
76 silly idealTree ├── jss-plugin-rule-value-function@10.5.0
76 silly idealTree ├── jss-plugin-vendor-prefixer@10.5.0
76 silly idealTree ├─┬ jss@10.5.0
76 silly idealTree │ └── csstype@3.0.5
76 silly idealTree ├── loader-runner@4.1.0
76 silly idealTree ├─┬ loader-utils@1.4.0
76 silly idealTree │ └── json5@1.0.1
76 silly idealTree ├── locate-path@6.0.0
76 silly idealTree ├── lodash@4.17.20
76 silly idealTree ├── loose-envify@1.4.0
76 silly idealTree ├─┬ make-dir@3.1.0
76 silly idealTree │ └── semver@6.3.0
76 silly idealTree ├── merge-stream@2.0.0
76 silly idealTree ├── mime-db@1.44.0
76 silly idealTree ├── mime-types@2.1.27
76 silly idealTree ├── mimic-fn@2.1.0
76 silly idealTree ├── mini-create-react-context@0.4.1
76 silly idealTree ├── minimist@1.2.5
76 silly idealTree ├── ms@2.1.2
76 silly idealTree ├── neo-async@2.6.2
76 silly idealTree ├── node-releases@1.1.67
76 silly idealTree ├── npm-run-path@4.0.1
76 silly idealTree ├── object-assign@4.1.1
76 silly idealTree ├── object-keys@1.1.1
76 silly idealTree ├── object.assign@4.1.2
76 silly idealTree ├── once@1.4.0
76 silly idealTree ├── onetime@5.1.2
76 silly idealTree ├── p-limit@3.1.0
76 silly idealTree ├── p-locate@5.0.0
76 silly idealTree ├── p-try@2.2.0
76 silly idealTree ├── path-exists@4.0.0
76 silly idealTree ├── path-key@3.1.1
76 silly idealTree ├── path-parse@1.0.6
76 silly idealTree ├── path-to-regexp@1.8.0
76 silly idealTree ├── pkg-dir@5.0.0
76 silly idealTree ├── popper.js@1.16.1-lts
76 silly idealTree ├─┬ prop-types@15.7.2
76 silly idealTree │ └── react-is@16.13.1
76 silly idealTree ├── pump@3.0.0
76 silly idealTree ├── punycode@2.1.1
76 silly idealTree ├── randombytes@2.1.0
76 silly idealTree ├── react-dom@17.0.1
76 silly idealTree ├── react-is@17.0.1
76 silly idealTree ├── react-router-dom@5.2.0
76 silly idealTree ├─┬ react-router@5.2.0
76 silly idealTree │ └── react-is@16.13.1
76 silly idealTree ├── react-transition-group@4.4.1
76 silly idealTree ├── react@17.0.1
76 silly idealTree ├── rechoir@0.7.0
76 silly idealTree ├── regenerate-unicode-properties@8.2.0
76 silly idealTree ├── regenerate@1.4.2
76 silly idealTree ├── regenerator-runtime@0.13.7
76 silly idealTree ├── regenerator-transform@0.14.5
76 silly idealTree ├── regexpu-core@4.7.1
76 silly idealTree ├── regjsgen@0.5.2
76 silly idealTree ├─┬ regjsparser@0.6.4
76 silly idealTree │ └── jsesc@0.5.0
76 silly idealTree ├── resolve-cwd@3.0.0
76 silly idealTree ├── resolve-from@5.0.0
76 silly idealTree ├── resolve-pathname@3.0.0
76 silly idealTree ├── resolve@1.19.0
76 silly idealTree ├── safe-buffer@5.2.1
76 silly idealTree ├── scheduler@0.20.1
76 silly idealTree ├── schema-utils@3.0.0
76 silly idealTree ├── semver@5.7.1
76 silly idealTree ├── serialize-javascript@5.0.1
76 silly idealTree ├── shebang-command@2.0.0
76 silly idealTree ├── shebang-regex@3.0.0
76 silly idealTree ├── signal-exit@3.0.3
76 silly idealTree ├── source-list-map@2.0.1
76 silly idealTree ├── source-map-support@0.5.19
76 silly idealTree ├── source-map@0.6.1
76 silly idealTree ├── strip-final-newline@2.0.0
76 silly idealTree ├── supports-color@7.2.0
76 silly idealTree ├── symbol-observable@1.2.0
76 silly idealTree ├── tapable@2.2.0
76 silly idealTree ├── terser-webpack-plugin@5.0.3
76 silly idealTree ├─┬ terser@5.5.1
76 silly idealTree │ └── source-map@0.7.3
76 silly idealTree ├── tiny-invariant@1.1.0
76 silly idealTree ├── tiny-warning@1.0.3
76 silly idealTree ├── to-fast-properties@2.0.0
76 silly idealTree ├── tslib@1.14.1
76 silly idealTree ├── unicode-canonical-property-names-ecmascript@1.0.4
76 silly idealTree ├── unicode-match-property-ecmascript@1.0.4
76 silly idealTree ├── unicode-match-property-value-ecmascript@1.2.0
76 silly idealTree ├── unicode-property-aliases-ecmascript@1.1.0
76 silly idealTree ├── uri-js@4.4.0
76 silly idealTree ├── v8-compile-cache@2.2.0
76 silly idealTree ├── value-equal@1.0.1
76 silly idealTree ├── watchpack@2.1.0
76 silly idealTree ├─┬ webpack-cli@4.3.0
76 silly idealTree │ └── commander@6.2.1
76 silly idealTree ├── webpack-merge@4.2.2
76 silly idealTree ├── webpack-sources@2.2.0
76 silly idealTree ├── webpack@5.11.1
76 silly idealTree ├── which@2.0.2
76 silly idealTree ├── wrappy@1.0.2
76 silly idealTree └── yocto-queue@0.1.0
77 silly generateActionsToTake Starting
78 silly install generateActionsToTake
79 warn checkPermissions Missing write access to /home/ahmed/Documents/dev/Django React/music_controller/frontend/node_modules/@babel/core
80 warn checkPermissions Missing write access to /home/ahmed/Documents/dev/Django React/music_controller/frontend/node_modules/@babel/plugin-proposal-class-properties
81 warn checkPermissions Missing write access to /home/ahmed/Documents/dev/Django React/music_controller/frontend/node_modules/@babel/preset-env
82 warn checkPermissions Missing write access to /home/ahmed/Documents/dev/Django React/music_controller/frontend/node_modules/@babel/preset-react
83 warn checkPermissions Missing write access to /home/ahmed/Documents/dev/Django React/music_controller/frontend/node_modules/babel-loader
84 warn checkPermissions Missing write access to /home/ahmed/Documents/dev/Django React/music_controller/frontend/node_modules/react
85 warn checkPermissions Missing write access to /home/ahmed/Documents/dev/Django React/music_controller/frontend/node_modules/react-dom
86 warn checkPermissions Missing write access to /home/ahmed/Documents/dev/Django React/music_controller/frontend/node_modules/webpack
87 warn checkPermissions Missing write access to /home/ahmed/Documents/dev/Django React/music_controller/frontend/node_modules/webpack-cli
88 warn checkPermissions Missing write access to /home/ahmed/Documents/dev/Django React/music_controller/frontend/node_modules/@material-ui/core
89 warn checkPermissions Missing write access to /home/ahmed/Documents/dev/Django React/music_controller/frontend/node_modules/react-router-dom
90 warn checkPermissions Missing write access to /home/ahmed/Documents/dev/Django React/music_controller/frontend/node_modules/@babel
91 warn checkPermissions Missing write access to /home/ahmed/Documents/dev/Django React/music_controller/frontend/node_modules
92 warn checkPermissions Missing write access to /home/ahmed/Documents/dev/Django React/music_controller/frontend/node_modules/@material-ui
93 silly rollbackFailedOptional Starting
94 silly rollbackFailedOptional Finishing
95 silly runTopLevelLifecycles Starting
96 silly runTopLevelLifecycles Finishing
97 silly install printInstalled
98 warn frontend@1.0.0 No description
99 warn frontend@1.0.0 No repository field.
100 verbose stack Error: EACCES: permission denied, access '/home/ahmed/Documents/dev/Django React/music_controller/frontend/node_modules/@babel/core'
101 verbose cwd /home/ahmed/Documents/dev/Django React/music_controller/frontend
102 error Linux 5.4.0-58-generic
103 error argv "/usr/bin/node" "/usr/bin/npm" "install" "@material-ui/icons"
104 error node v8.10.0
105 error npm  v3.5.2
106 error path /home/ahmed/Documents/dev/Django React/music_controller/frontend/node_modules/@babel/core
107 error code EACCES
108 error errno -13
109 error syscall access
110 error Error: EACCES: permission denied, access '/home/ahmed/Documents/dev/Django React/music_controller/frontend/node_modules/@babel/core'
110 error  { Error: EACCES: permission denied, access '/home/ahmed/Documents/dev/Django React/music_controller/frontend/node_modules/@babel/core'
110 error   errno: -13,
110 error   code: 'EACCES',
110 error   syscall: 'access',
110 error   path: '/home/ahmed/Documents/dev/Django React/music_controller/frontend/node_modules/@babel/core' }
111 error Please try running this command again as root/Administrator.
112 verbose exit [ -13, true ]
